0 info it worked if it ends with ok
1 verbose cli [ '/Users/aakilfernandes/.nvm/versions/node/v6.3.0/bin/node',
1 verbose cli   '/Users/aakilfernandes/.nvm/versions/node/v6.3.0/bin/npm',
1 verbose cli   'version',
1 verbose cli   'minor' ]
2 info using npm@4.0.1
3 info using node@v6.3.0
4 info git [ 'status', '--porcelain' ]
5 verbose stack Error: Git working directory not clean.
5 verbose stack MM index.js
5 verbose stack M  lib/Protocol.js
5 verbose stack MM lib/SolWrapper.js
5 verbose stack MM lib/TransactionMonitor.js
5 verbose stack MM lib/TransactionRequest.js
5 verbose stack D  lib/errors.js
5 verbose stack AD lib/errors/BalanceTooLowError.js
5 verbose stack AD lib/errors/BlocksWaitedError.js
5 verbose stack AD lib/errors/ContractDeploymentError.js
5 verbose stack AD lib/errors/ExceedsBlockLimitError.js
5 verbose stack AD lib/errors/InvalidTransactionRequestFieldError.js
5 verbose stack AD lib/errors/MissingFromError.js
5 verbose stack AD lib/errors/MissingNonceError.js
5 verbose stack AD lib/errors/NoFromError.js
5 verbose stack AD lib/errors/NoResultReturnedError.js
5 verbose stack AD lib/errors/NoTransactionRequestError.js
5 verbose stack AD lib/errors/NotPollingError.js
5 verbose stack AD lib/errors/OOGError.js
5 verbose stack AD lib/errors/TransactionReceiptParseError.js
5 verbose stack MM lib/execute.js
5 verbose stack D  npm-debug.log
5 verbose stack MM test/oog.js
5 verbose stack M test/validation.js
5 verbose stack     at /Users/aakilfernandes/.nvm/versions/node/v6.3.0/lib/node_modules/npm/lib/version.js:247:19
5 verbose stack     at /Users/aakilfernandes/.nvm/versions/node/v6.3.0/lib/node_modules/npm/lib/utils/no-progress-while-running.js:21:8
5 verbose stack     at ChildProcess.exithandler (child_process.js:193:7)
5 verbose stack     at emitTwo (events.js:106:13)
5 verbose stack     at ChildProcess.emit (events.js:191:7)
5 verbose stack     at maybeClose (internal/child_process.js:852:16)
5 verbose stack     at Socket.<anonymous> (internal/child_process.js:323:11)
5 verbose stack     at emitOne (events.js:96:13)
5 verbose stack     at Socket.emit (events.js:188:7)
5 verbose stack     at Pipe._handle.close [as _onclose] (net.js:492:12)
6 verbose cwd /Users/aakilfernandes/projects/safemarket/ultralightbeam
7 error Darwin 15.3.0
8 error argv "/Users/aakilfernandes/.nvm/versions/node/v6.3.0/bin/node" "/Users/aakilfernandes/.nvm/versions/node/v6.3.0/bin/npm" "version" "minor"
9 error node v6.3.0
10 error npm  v4.0.1
11 error Git working directory not clean.
11 error MM index.js
11 error M  lib/Protocol.js
11 error MM lib/SolWrapper.js
11 error MM lib/TransactionMonitor.js
11 error MM lib/TransactionRequest.js
11 error D  lib/errors.js
11 error AD lib/errors/BalanceTooLowError.js
11 error AD lib/errors/BlocksWaitedError.js
11 error AD lib/errors/ContractDeploymentError.js
11 error AD lib/errors/ExceedsBlockLimitError.js
11 error AD lib/errors/InvalidTransactionRequestFieldError.js
11 error AD lib/errors/MissingFromError.js
11 error AD lib/errors/MissingNonceError.js
11 error AD lib/errors/NoFromError.js
11 error AD lib/errors/NoResultReturnedError.js
11 error AD lib/errors/NoTransactionRequestError.js
11 error AD lib/errors/NotPollingError.js
11 error AD lib/errors/OOGError.js
11 error AD lib/errors/TransactionReceiptParseError.js
11 error MM lib/execute.js
11 error D  npm-debug.log
11 error MM test/oog.js
11 error M test/validation.js
12 error If you need help, you may report this error at:
12 error     <https://github.com/npm/npm/issues>
13 verbose exit [ 1, true ]
